Start testing: Aug 28 08:17 E. Africa Standard Time
----------------------------------------------------------
10/44 Testing: directional_shadow_shader_regression
10/44 Test: directional_shadow_shader_regression
Command: "D:/C++_Projects/3DGEngine/build-release/bin/Debug/directional_shadow_shader_tests.exe"
Directory: D:/C++_Projects/3DGEngine/build-release/tests
"directional_shadow_shader_regression" start time: Aug 28 08:17 E. Africa Standard Time
Output:
----------------------------------------------------------
<end of output>
Test time =   0.01 sec
----------------------------------------------------------
Test Passed.
"directional_shadow_shader_regression" end time: Aug 28 08:17 E. Africa Standard Time
"directional_shadow_shader_regression" time elapsed: 00:00:00
----------------------------------------------------------

11/44 Testing: lighting_build_regression
11/44 Test: lighting_build_regression
Command: "D:/C++_Projects/3DGEngine/build-release/bin/Debug/lighting_build_tests.exe"
Directory: D:/C++_Projects/3DGEngine/build-release/tests
"lighting_build_regression" start time: Aug 28 08:17 E. Africa Standard Time
Output:
----------------------------------------------------------
Lighting build tests passed
<end of output>
Test time =   0.08 sec
----------------------------------------------------------
Test Passed.
"lighting_build_regression" end time: Aug 28 08:17 E. Africa Standard Time
"lighting_build_regression" time elapsed: 00:00:00
----------------------------------------------------------

39/44 Testing: day_night_timeline_regression
39/44 Test: day_night_timeline_regression
Command: "D:/C++_Projects/3DGEngine/build-release/bin/Debug/day_night_timeline_tests.exe"
Directory: D:/C++_Projects/3DGEngine/build-release/tests
"day_night_timeline_regression" start time: Aug 28 08:17 E. Africa Standard Time
Output:
----------------------------------------------------------
<end of output>
Test time =   0.02 sec
----------------------------------------------------------
Test Passed.
"day_night_timeline_regression" end time: Aug 28 08:17 E. Africa Standard Time
"day_night_timeline_regression" time elapsed: 00:00:00
----------------------------------------------------------

End testing: Aug 28 08:17 E. Africa Standard Time
