Start testing: Aug 13 12:14 E. Africa Standard Time
----------------------------------------------------------
10/33 Testing: script_system_regression
10/33 Test: script_system_regression
Command: "D:/C++_Projects/3DGEngine/build-release/bin/Release/script_system_tests.exe"
Directory: D:/C++_Projects/3DGEngine/build-release/tests
"script_system_regression" start time: Aug 13 12:14 E. Africa Standard Time
Output:
----------------------------------------------------------
[Script] 'ThrowingRegressionScript' disabled after exception: expected regression-test exception
[Script] 'OrderConsumerRegressionScript' dependency error: missing MissingRegressionScript
All scripting regression checks passed
<end of output>
Test time =   0.01 sec
----------------------------------------------------------
Test Passed.
"script_system_regression" end time: Aug 13 12:14 E. Africa Standard Time
"script_system_regression" time elapsed: 00:00:00
----------------------------------------------------------

15/33 Testing: asset_registry_regression
15/33 Test: asset_registry_regression
Command: "D:/C++_Projects/3DGEngine/build-release/bin/Release/asset_registry_tests.exe"
Directory: D:/C++_Projects/3DGEngine/build-release/tests
"asset_registry_regression" start time: Aug 13 12:14 E. Africa Standard Time
Output:
----------------------------------------------------------
asset registry tests passed
<end of output>
Test time =   0.01 sec
----------------------------------------------------------
Test Passed.
"asset_registry_regression" end time: Aug 13 12:14 E. Africa Standard Time
"asset_registry_regression" time elapsed: 00:00:00
----------------------------------------------------------

19/33 Testing: foliage_asset_regression
19/33 Test: foliage_asset_regression
Command: "D:/C++_Projects/3DGEngine/build-release/bin/Release/foliage_asset_tests.exe"
Directory: D:/C++_Projects/3DGEngine/build-release/tests
"foliage_asset_regression" start time: Aug 13 12:14 E. Africa Standard Time
Output:
----------------------------------------------------------
foliage asset tests passed
<end of output>
Test time =   0.01 sec
----------------------------------------------------------
Test Passed.
"foliage_asset_regression" end time: Aug 13 12:14 E. Africa Standard Time
"foliage_asset_regression" time elapsed: 00:00:00
----------------------------------------------------------

33/33 Testing: scatter_graph_regression
33/33 Test: scatter_graph_regression
Command: "D:/C++_Projects/3DGEngine/build-release/bin/Release/scatter_graph_tests.exe"
Directory: D:/C++_Projects/3DGEngine/build-release/tests
"scatter_graph_regression" start time: Aug 13 12:14 E. Africa Standard Time
Output:
----------------------------------------------------------
scatter graph tests passed
<end of output>
Test time =   0.01 sec
----------------------------------------------------------
Test Passed.
"scatter_graph_regression" end time: Aug 13 12:14 E. Africa Standard Time
"scatter_graph_regression" time elapsed: 00:00:00
----------------------------------------------------------

End testing: Aug 13 12:14 E. Africa Standard Time
